<?xml version="1.0" encoding="UTF-8"?>
<!-- Generated by org.testng.reporters.JUnitXMLReporter -->
<testsuite ignored="0" hostname="NX00605" failures="0" tests="13" name="Chrome Test" time="14.593" errors="0" timestamp="2024-04-25T13:32:54 PKT">
  <testcase classname="TestCases_Package.LoginTestcases" name="@BeforeTest initiateBrowser" time="13.875">
    <failure type="org.openqa.selenium.remote.UnreachableBrowserException" message="Error communicating with the remote browser. It may have died.
Build info: version: &amp;apos;4.19.1&amp;apos;, revision: &amp;apos;abe0ee07dc&amp;apos;
System info: os.name: &amp;apos;Windows 10&amp;apos;, os.arch: &amp;apos;amd64&amp;apos;, os.version: &amp;apos;10.0&amp;apos;, java.version: &amp;apos;17.0.7&amp;apos;
Driver info: org.openqa.selenium.chrome.ChromeDriver
Command: [f33bfe72f71dd38d5809c3b7ea4b65de, get [url]]
Capabilities {acceptInsecureCerts: false, browserName: chrome, browserVersion: 124.0.6367.79, chrome: {chromedriverVersion: 124.0.6367.78 (a087f2dd364d..., userDataDir: C:\Users\WAQAS~1.NAS\AppDat...}, fedcm:accounts: true, goog:chromeOptions: {debuggerAddress: localhost:59037}, networkConnectionEnabled: false, pageLoadStrategy: normal, platformName: windows, proxy: Proxy(), se:cdp: ws://localhost:59037/devtoo..., se:cdpVersion: 124.0.6367.79, setWindowRect: true, strictFileInteractability: false, timeouts: {implicit: 0, pageLoad: 300000, script: 30000}, unhandledPromptBehavior: dismiss and notify, webauthn:extension:credBlob: true, webauthn:extension:largeBlob: true, webauthn:extension:minPinLength: true, webauthn:extension:prf: true, webauthn:virtualAuthenticators: true}
Session ID: f33bfe72f71dd38d5809c3b7ea4b65de">
      <![CDATA[org.openqa.selenium.remote.UnreachableBrowserException: Error communicating with the remote browser. It may have died.
Build info: version: '4.19.1', revision: 'abe0ee07dc'
System info: os.name: 'Windows 10', os.arch: 'amd64', os.version: '10.0', java.version: '17.0.7'
Driver info: org.openqa.selenium.chrome.ChromeDriver
Command: [f33bfe72f71dd38d5809c3b7ea4b65de, get [url]]
Capabilities {acceptInsecureCerts: false, browserName: chrome, browserVersion: 124.0.6367.79, chrome: {chromedriverVersion: 124.0.6367.78 (a087f2dd364d..., userDataDir: C:\Users\WAQAS~1.NAS\AppDat...}, fedcm:accounts: true, goog:chromeOptions: {debuggerAddress: localhost:59037}, networkConnectionEnabled: false, pageLoadStrategy: normal, platformName: windows, proxy: Proxy(), se:cdp: ws://localhost:59037/devtoo..., se:cdpVersion: 124.0.6367.79, setWindowRect: true, strictFileInteractability: false, timeouts: {implicit: 0, pageLoad: 300000, script: 30000}, unhandledPromptBehavior: dismiss and notify, webauthn:extension:credBlob: true, webauthn:extension:largeBlob: true, webauthn:extension:minPinLength: true, webauthn:extension:prf: true, webauthn:virtualAuthenticators: true}
Session ID: f33bfe72f71dd38d5809c3b7ea4b65de
at org.openqa.selenium.remote.RemoteWebDriver.execute(RemoteWebDriver.java:545)
at org.openqa.selenium.remote.RemoteWebDriver.get(RemoteWebDriver.java:300)
at Pages_Package.BaseClass.Setup_Browser(BaseClass.java:39)
at TestCases_Package.LoginTestcases.initiateBrowser(LoginTestcases.java:37)
Caused by: java.io.UncheckedIOException: java.io.IOException: HTTP/1.1 header parser received no bytes
at org.openqa.selenium.remote.http.jdk.JdkHttpClient.execute0(JdkHttpClient.java:436)
at org.openqa.selenium.remote.http.AddSeleniumUserAgent.lambda$apply$0(AddSeleniumUserAgent.java:42)
at org.openqa.selenium.remote.http.Filter.lambda$andFinally$1(Filter.java:55)
at org.openqa.selenium.remote.http.jdk.JdkHttpClient.execute(JdkHttpClient.java:352)
at org.openqa.selenium.remote.HttpCommandExecutor.execute(HttpCommandExecutor.java:187)
at org.openqa.selenium.remote.service.DriverCommandExecutor.invokeExecute(DriverCommandExecutor.java:216)
at org.openqa.selenium.remote.service.DriverCommandExecutor.execute(DriverCommandExecutor.java:174)
at org.openqa.selenium.remote.RemoteWebDriver.execute(RemoteWebDriver.java:518)
... 31 more
Caused by: java.io.IOException: HTTP/1.1 header parser received no bytes
at java.net.http/jdk.internal.net.http.common.Utils.wrapWithExtraDetail(Utils.java:348)
at java.net.http/jdk.internal.net.http.Http1Response$HeadersReader.onReadError(Http1Response.java:675)
at java.net.http/jdk.internal.net.http.Http1AsyncReceiver.checkForErrors(Http1AsyncReceiver.java:302)
at java.net.http/jdk.internal.net.http.Http1AsyncReceiver.flush(Http1AsyncReceiver.java:268)
at java.net.http/jdk.internal.net.http.common.SequentialScheduler$LockingRestartableTask.run(SequentialScheduler.java:205)
at java.net.http/jdk.internal.net.http.common.SequentialScheduler$CompleteRestartableTask.run(SequentialScheduler.java:149)
at java.net.http/jdk.internal.net.http.common.SequentialScheduler$SchedulableTask.run(SequentialScheduler.java:230)
at java.base/java.util.concurrent.ThreadPoolExecutor.runWorker(ThreadPoolExecutor.java:1136)
at java.base/java.util.concurrent.ThreadPoolExecutor$Worker.run(ThreadPoolExecutor.java:635)
at java.base/java.lang.Thread.run(Thread.java:833)
Caused by: java.net.SocketException: Connection reset
at java.base/sun.nio.ch.SocketChannelImpl.throwConnectionReset(SocketChannelImpl.java:394)
at java.base/sun.nio.ch.SocketChannelImpl.read(SocketChannelImpl.java:426)
at java.net.http/jdk.internal.net.http.SocketTube.readAvailable(SocketTube.java:1170)
at java.net.http/jdk.internal.net.http.SocketTube$InternalReadPublisher$InternalReadSubscription.read(SocketTube.java:833)
at java.net.http/jdk.internal.net.http.SocketTube$SocketFlowTask.run(SocketTube.java:181)
at java.net.http/jdk.internal.net.http.common.SequentialScheduler$SchedulableTask.run(SequentialScheduler.java:230)
at java.net.http/jdk.internal.net.http.common.SequentialScheduler.runOrSchedule(SequentialScheduler.java:303)
at java.net.http/jdk.internal.net.http.common.SequentialScheduler.runOrSchedule(SequentialScheduler.java:256)
at java.net.http/jdk.internal.net.http.SocketTube$InternalReadPublisher$InternalReadSubscription.signalReadable(SocketTube.java:774)
at java.net.http/jdk.internal.net.http.SocketTube$InternalReadPublisher$ReadEvent.signalEvent(SocketTube.java:957)
at java.net.http/jdk.internal.net.http.SocketTube$SocketFlowEvent.handle(SocketTube.java:253)
at java.net.http/jdk.internal.net.http.HttpClientImpl$SelectorManager.handleEvent(HttpClientImpl.java:979)
at java.net.http/jdk.internal.net.http.HttpClientImpl$SelectorManager.lambda$run$3(HttpClientImpl.java:934)
at java.base/java.util.ArrayList.forEach(ArrayList.java:1511)
at java.net.http/jdk.internal.net.http.HttpClientImpl$SelectorManager.run(HttpClientImpl.java:934)
... Removed 28 stack frames]]>
    </failure>
  </testcase> <!-- @BeforeTest initiateBrowser -->
  <testcase classname="TestCases_Package.OrderAndCartPageTestCases" name="@BeforeTest initiateBrowser" time="0.0">
    <skipped/>
  </testcase> <!-- @BeforeTest initiateBrowser -->
  <testcase classname="TestCases_Package.SignupPageTestCases" name="@BeforeTest initiateBrowser" time="0.0">
    <skipped/>
  </testcase> <!-- @BeforeTest initiateBrowser -->
  <testcase classname="TestCases_Package.LoginTestcases" name="@AfterTest Teardown" time="0.0">
    <skipped/>
  </testcase> <!-- @AfterTest Teardown -->
  <testcase classname="TestCases_Package.OrderAndCartPageTestCases" name="@AfterTest Teardown" time="0.0">
    <skipped/>
  </testcase> <!-- @AfterTest Teardown -->
  <testcase classname="TestCases_Package.SignupPageTestCases" name="@AfterTest Teardown" time="0.0">
    <skipped/>
  </testcase> <!-- @AfterTest Teardown -->
  <testcase classname="TestCases_Package.LoginTestcases" name="Testcase_VerifyLoginwith_bothWrongEmailandPassword" time="0.0">
    <skipped/>
  </testcase> <!-- Testcase_VerifyLoginwith_bothWrongEmailandPassword -->
  <testcase classname="TestCases_Package.LoginTestcases" name="Testcase_VerifyLoginwith_bothWrongEmailandPassword" time="0.0">
    <skipped/>
  </testcase> <!-- Testcase_VerifyLoginwith_bothWrongEmailandPassword -->
  <testcase classname="TestCases_Package.LoginTestcases" name="Testcase_VerifyLoginwith_bothWrongEmailandPassword" time="0.0">
    <skipped/>
  </testcase> <!-- Testcase_VerifyLoginwith_bothWrongEmailandPassword -->
  <testcase classname="TestCases_Package.LoginTestcases" name="Testcase_VerifyLoginwith_bothWrongEmailandPassword" time="0.0">
    <skipped/>
  </testcase> <!-- Testcase_VerifyLoginwith_bothWrongEmailandPassword -->
  <testcase classname="TestCases_Package.LoginTestcases" name="Testcase_VerifyLoginwith_bothWrongEmailandPassword" time="0.0">
    <skipped/>
  </testcase> <!-- Testcase_VerifyLoginwith_bothWrongEmailandPassword -->
  <testcase classname="TestCases_Package.LoginTestcases" name="Testcase_VerifyLoginwith_bothCorrectEmailandPassword" time="0.0">
    <skipped/>
  </testcase> <!-- Testcase_VerifyLoginwith_bothCorrectEmailandPassword -->
  <testcase classname="TestCases_Package.LoginTestcases" name="usingSession_VerifyUserDoesnotExistInSystem_SignupNewForAccount" time="0.0">
    <skipped/>
  </testcase> <!-- usingSession_VerifyUserDoesnotExistInSystem_SignupNewForAccount -->
  <testcase classname="TestCases_Package.LoginTestcases" name="Verify_UserDoesnotExistInSystem_SignupNewForAccount" time="0.0">
    <skipped/>
  </testcase> <!-- Verify_UserDoesnotExistInSystem_SignupNewForAccount -->
  <testcase classname="TestCases_Package.SignupPageTestCases" name="Testcases_ToVerifyRegisterUserSuccessfully" time="0.0">
    <skipped/>
  </testcase> <!-- Testcases_ToVerifyRegisterUserSuccessfully -->
  <testcase classname="TestCases_Package.OrderAndCartPageTestCases" name="VerifyplaceOrderOfAppleLaptop" time="0.0">
    <skipped/>
  </testcase> <!-- VerifyplaceOrderOfAppleLaptop -->
  <testcase classname="TestCases_Package.OrderAndCartPageTestCases" name="VerifyplaceOrderOfDesktop" time="0.0">
    <skipped/>
  </testcase> <!-- VerifyplaceOrderOfDesktop -->
  <testcase classname="TestCases_Package.OrderAndCartPageTestCases" name="VerifyplaceOrderofMobilePhone" time="0.0">
    <skipped/>
  </testcase> <!-- VerifyplaceOrderofMobilePhone -->
  <testcase classname="TestCases_Package.OrderAndCartPageTestCases" name="VerifythatUserIsAbleToUpdateShoppingCart" time="0.0">
    <skipped/>
  </testcase> <!-- VerifythatUserIsAbleToUpdateShoppingCart -->
</testsuite> <!-- Chrome Test -->
